# JRE version: OpenJDK Runtime Environment Temurin-21.0.5+11 (21.0.5+11) (build 21.0.5+11-LTS)
# Java VM: OpenJDK 64-Bit Server VM Temurin-21.0.5+11 (21.0.5+11-LTS, mixed mode, sharing, tiered, compressed oops, compressed class ptrs, parallel gc, windows-amd64)
GC Precious Log:
 CardTable entry size: 512
 CPUs: 12 total, 12 available
 Memory: 16108M
 Large Page Support: Disabled
 NUMA Support: Disabled
 Compressed Oops: Enabled (32-bit)
 Alignments: Space 512K, Generation 512K, Heap 2M
 Heap Min Capacity: 100M
 Heap Initial Capacity: 100M
 Heap Max Capacity: 1G
 Pre-touch: Disabled
 Parallel Workers: 10
Heap:
 PSYoungGen      total 5632K, used 5312K [0x00000000eab00000, 0x00000000eb180000, 0x0000000100000000)
  eden space 4608K, 100% used [0x00000000eab00000,0x00000000eaf80000,0x00000000eaf80000)
  from space 1024K, 68% used [0x00000000eb080000,0x00000000eb130000,0x00000000eb180000)
  to   space 1024K, 100% used [0x00000000eaf80000,0x00000000eb080000,0x00000000eb080000)
 ParOldGen       total 223744K, used 223232K [0x00000000c0000000, 0x00000000cda80000, 0x00000000eab00000)
  object space 223744K, 99% used [0x00000000c0000000,0x00000000cda000a0,0x00000000cda80000)
 Metaspace       used 57957K, committed 59200K, reserved 1114112K
  class space    used 6028K, committed 6592K, reserved 1048576K
GC Heap History (20 events):
Event: 7.478 GC heap after
{Heap after GC invocations=273 (full 3):
 PSYoungGen      total 4608K, used 1011K [0x00000000eab00000, 0x00000000eb200000, 0x0000000100000000)
  eden space 3584K, 0% used [0x00000000eab00000,0x00000000eab00000,0x00000000eae80000)
  from space 1024K, 98% used [0x00000000eb000000,0x00000000eb0fcfa8,0x00000000eb100000)
  to   space 1536K, 0% used [0x00000000eae80000,0x00000000eae80000,0x00000000eb000000)
 ParOldGen       total 217600K, used 217386K [0x00000000c0000000, 0x00000000cd480000, 0x00000000eab00000)
  object space 217600K, 99% used [0x00000000c0000000,0x00000000cd44a870,0x00000000cd480000)
 Metaspace       used 57890K, committed 59200K, reserved 1114112K
  class space    used 6028K, committed 6592K, reserved 1048576K
}
Event: 7.483 GC heap before
{Heap before GC invocations=274 (full 3):
 PSYoungGen      total 4608K, used 4595K [0x00000000eab00000, 0x00000000eb200000, 0x0000000100000000)
  eden space 3584K, 100% used [0x00000000eab00000,0x00000000eae80000,0x00000000eae80000)
  from space 1024K, 98% used [0x00000000eb000000,0x00000000eb0fcfa8,0x00000000eb100000)
  to   space 1536K, 0% used [0x00000000eae80000,0x00000000eae80000,0x00000000eb000000)
 ParOldGen       total 217600K, used 217386K [0x00000000c0000000, 0x00000000cd480000, 0x00000000eab00000)
  object space 217600K, 99% used [0x00000000c0000000,0x00000000cd44a870,0x00000000cd480000)
 Metaspace       used 57901K, committed 59200K, reserved 1114112K
  class space    used 6028K, committed 6592K, reserved 1048576K
}
Event: 7.484 GC heap after
{Heap after GC invocations=274 (full 3):
 PSYoungGen      total 5120K, used 888K [0x00000000eab00000, 0x00000000eb180000, 0x0000000100000000)
  eden space 3584K, 0% used [0x00000000eab00000,0x00000000eab00000,0x00000000eae80000)
  from space 1536K, 57% used [0x00000000eae80000,0x00000000eaf5e078,0x00000000eb000000)
  to   space 1024K, 0% used [0x00000000eb080000,0x00000000eb080000,0x00000000eb180000)
 ParOldGen       total 218624K, used 218298K [0x00000000c0000000, 0x00000000cd580000, 0x00000000eab00000)
  object space 218624K, 99% used [0x00000000c0000000,0x00000000cd52e9b0,0x00000000cd580000)
 Metaspace       used 57901K, committed 59200K, reserved 1114112K
  class space    used 6028K, committed 6592K, reserved 1048576K
}
Event: 7.489 GC heap before
{Heap before GC invocations=275 (full 3):
 PSYoungGen      total 5120K, used 4472K [0x00000000eab00000, 0x00000000eb180000, 0x0000000100000000)
  eden space 3584K, 100% used [0x00000000eab00000,0x00000000eae80000,0x00000000eae80000)
  from space 1536K, 57% used [0x00000000eae80000,0x00000000eaf5e078,0x00000000eb000000)
  to   space 1024K, 0% used [0x00000000eb080000,0x00000000eb080000,0x00000000eb180000)
 ParOldGen       total 218624K, used 218298K [0x00000000c0000000, 0x00000000cd580000, 0x00000000eab00000)
  object space 218624K, 99% used [0x00000000c0000000,0x00000000cd52e9b0,0x00000000cd580000)
 Metaspace       used 57905K, committed 59200K, reserved 1114112K
  class space    used 6028K, committed 6592K, reserved 1048576K
}
Event: 7.490 GC heap after
{Heap after GC invocations=275 (full 3):
 PSYoungGen      total 5632K, used 661K [0x00000000eab00000, 0x00000000eb180000, 0x0000000100000000)
  eden space 4608K, 0% used [0x00000000eab00000,0x00000000eab00000,0x00000000eaf80000)
  from space 1024K, 64% used [0x00000000eb080000,0x00000000eb125790,0x00000000eb180000)
  to   space 1024K, 0% used [0x00000000eaf80000,0x00000000eaf80000,0x00000000eb080000)
 ParOldGen       total 219136K, used 218833K [0x00000000c0000000, 0x00000000cd600000, 0x00000000eab00000)
  object space 219136K, 99% used [0x00000000c0000000,0x00000000cd5b44f0,0x00000000cd600000)
 Metaspace       used 57905K, committed 59200K, reserved 1114112K
  class space    used 6028K, committed 6592K, reserved 1048576K
}
Event: 7.497 GC heap before
{Heap before GC invocations=276 (full 3):
 PSYoungGen      total 5632K, used 5269K [0x00000000eab00000, 0x00000000eb180000, 0x0000000100000000)
  eden space 4608K, 100% used [0x00000000eab00000,0x00000000eaf80000,0x00000000eaf80000)
  from space 1024K, 64% used [0x00000000eb080000,0x00000000eb125790,0x00000000eb180000)
  to   space 1024K, 0% used [0x00000000eaf80000,0x00000000eaf80000,0x00000000eb080000)
 ParOldGen       total 219136K, used 218833K [0x00000000c0000000, 0x00000000cd600000, 0x00000000eab00000)
  object space 219136K, 99% used [0x00000000c0000000,0x00000000cd5b44f0,0x00000000cd600000)
 Metaspace       used 57908K, committed 59200K, reserved 1114112K
  class space    used 6028K, committed 6592K, reserved 1048576K
}
Event: 7.498 GC heap after
{Heap after GC invocations=276 (full 3):
 PSYoungGen      total 5632K, used 912K [0x00000000eab00000, 0x00000000eb180000, 0x0000000100000000)
  eden space 4608K, 0% used [0x00000000eab00000,0x00000000eab00000,0x00000000eaf80000)
  from space 1024K, 89% used [0x00000000eaf80000,0x00000000eb0642d8,0x00000000eb080000)
  to   space 1024K, 0% used [0x00000000eb080000,0x00000000eb080000,0x00000000eb180000)
 ParOldGen       total 219648K, used 219336K [0x00000000c0000000, 0x00000000cd680000, 0x00000000eab00000)
  object space 219648K, 99% used [0x00000000c0000000,0x00000000cd632308,0x00000000cd680000)
 Metaspace       used 57908K, committed 59200K, reserved 1114112K
  class space    used 6028K, committed 6592K, reserved 1048576K
}
Event: 7.506 GC heap before
{Heap before GC invocations=277 (full 3):
 PSYoungGen      total 5632K, used 5520K [0x00000000eab00000, 0x00000000eb180000, 0x0000000100000000)
  eden space 4608K, 100% used [0x00000000eab00000,0x00000000eaf80000,0x00000000eaf80000)
  from space 1024K, 89% used [0x00000000eaf80000,0x00000000eb0642d8,0x00000000eb080000)
  to   space 1024K, 0% used [0x00000000eb080000,0x00000000eb080000,0x00000000eb180000)
 ParOldGen       total 219648K, used 219336K [0x00000000c0000000, 0x00000000cd680000, 0x00000000eab00000)
  object space 219648K, 99% used [0x00000000c0000000,0x00000000cd632308,0x00000000cd680000)
 Metaspace       used 57911K, committed 59200K, reserved 1114112K
  class space    used 6028K, committed 6592K, reserved 1048576K
}
Event: 7.507 GC heap after
{Heap after GC invocations=277 (full 3):
 PSYoungGen      total 5632K, used 869K [0x00000000eab00000, 0x00000000eb180000, 0x0000000100000000)
  eden space 4608K, 0% used [0x00000000eab00000,0x00000000eab00000,0x00000000eaf80000)
  from space 1024K, 84% used [0x00000000eb080000,0x00000000eb159550,0x00000000eb180000)
  to   space 1024K, 0% used [0x00000000eaf80000,0x00000000eaf80000,0x00000000eb080000)
 ParOldGen       total 220160K, used 220055K [0x00000000c0000000, 0x00000000cd700000, 0x00000000eab00000)
  object space 220160K, 99% used [0x00000000c0000000,0x00000000cd6e5de0,0x00000000cd700000)
 Metaspace       used 57911K, committed 59200K, reserved 1114112K
  class space    used 6028K, committed 6592K, reserved 1048576K
}
Event: 7.515 GC heap before
{Heap before GC invocations=278 (full 3):
 PSYoungGen      total 5632K, used 5477K [0x00000000eab00000, 0x00000000eb180000, 0x0000000100000000)
  eden space 4608K, 100% used [0x00000000eab00000,0x00000000eaf80000,0x00000000eaf80000)
  from space 1024K, 84% used [0x00000000eb080000,0x00000000eb159550,0x00000000eb180000)
  to   space 1024K, 0% used [0x00000000eaf80000,0x00000000eaf80000,0x00000000eb080000)
 ParOldGen       total 220160K, used 220055K [0x00000000c0000000, 0x00000000cd700000, 0x00000000eab00000)
  object space 220160K, 99% used [0x00000000c0000000,0x00000000cd6e5e00,0x00000000cd700000)
 Metaspace       used 57929K, committed 59200K, reserved 1114112K
  class space    used 6028K, committed 6592K, reserved 1048576K
}
Event: 7.516 GC heap after
{Heap after GC invocations=278 (full 3):
 PSYoungGen      total 5632K, used 700K [0x00000000eab00000, 0x00000000eb180000, 0x0000000100000000)
  eden space 4608K, 0% used [0x00000000eab00000,0x00000000eab00000,0x00000000eaf80000)
  from space 1024K, 68% used [0x00000000eaf80000,0x00000000eb02f1a8,0x00000000eb080000)
  to   space 1024K, 0% used [0x00000000eb080000,0x00000000eb080000,0x00000000eb180000)
 ParOldGen       total 221184K, used 220703K [0x00000000c0000000, 0x00000000cd800000, 0x00000000eab00000)
  object space 221184K, 99% used [0x00000000c0000000,0x00000000cd787dd8,0x00000000cd800000)
 Metaspace       used 57929K, committed 59200K, reserved 1114112K
  class space    used 6028K, committed 6592K, reserved 1048576K
}
Event: 7.526 GC heap before
{Heap before GC invocations=279 (full 3):
 PSYoungGen      total 5632K, used 5308K [0x00000000eab00000, 0x00000000eb180000, 0x0000000100000000)
  eden space 4608K, 100% used [0x00000000eab00000,0x00000000eaf80000,0x00000000eaf80000)
  from space 1024K, 68% used [0x00000000eaf80000,0x00000000eb02f1a8,0x00000000eb080000)
  to   space 1024K, 0% used [0x00000000eb080000,0x00000000eb080000,0x00000000eb180000)
 ParOldGen       total 221184K, used 220736K [0x00000000c0000000, 0x00000000cd800000, 0x00000000eab00000)
  object space 221184K, 99% used [0x00000000c0000000,0x00000000cd790098,0x00000000cd800000)
 Metaspace       used 57934K, committed 59200K, reserved 1114112K
  class space    used 6028K, committed 6592K, reserved 1048576K
}
Event: 7.528 GC heap after
{Heap after GC invocations=279 (full 3):
 PSYoungGen      total 5632K, used 768K [0x00000000eab00000, 0x00000000eb180000, 0x0000000100000000)
  eden space 4608K, 0% used [0x00000000eab00000,0x00000000eab00000,0x00000000eaf80000)
  from space 1024K, 75% used [0x00000000eb080000,0x00000000eb140000,0x00000000eb180000)
  to   space 1024K, 0% used [0x00000000eaf80000,0x00000000eaf80000,0x00000000eb080000)
 ParOldGen       total 221696K, used 221303K [0x00000000c0000000, 0x00000000cd880000, 0x00000000eab00000)
  object space 221696K, 99% used [0x00000000c0000000,0x00000000cd81de10,0x00000000cd880000)
 Metaspace       used 57934K, committed 59200K, reserved 1114112K
  class space    used 6028K, committed 6592K, reserved 1048576K
}
Event: 7.537 GC heap before
{Heap before GC invocations=280 (full 3):
 PSYoungGen      total 5632K, used 5376K [0x00000000eab00000, 0x00000000eb180000, 0x0000000100000000)
  eden space 4608K, 100% used [0x00000000eab00000,0x00000000eaf80000,0x00000000eaf80000)
  from space 1024K, 75% used [0x00000000eb080000,0x00000000eb140000,0x00000000eb180000)
  to   space 1024K, 0% used [0x00000000eaf80000,0x00000000eaf80000,0x00000000eb080000)
 ParOldGen       total 221696K, used 221303K [0x00000000c0000000, 0x00000000cd880000, 0x00000000eab00000)
  object space 221696K, 99% used [0x00000000c0000000,0x00000000cd81de10,0x00000000cd880000)
 Metaspace       used 57938K, committed 59200K, reserved 1114112K
  class space    used 6028K, committed 6592K, reserved 1048576K
}
Event: 7.538 GC heap after
{Heap after GC invocations=280 (full 3):
 PSYoungGen      total 5632K, used 832K [0x00000000eab00000, 0x00000000eb180000, 0x0000000100000000)
  eden space 4608K, 0% used [0x00000000eab00000,0x00000000eab00000,0x00000000eaf80000)
  from space 1024K, 81% used [0x00000000eaf80000,0x00000000eb050000,0x00000000eb080000)
  to   space 1024K, 0% used [0x00000000eb080000,0x00000000eb080000,0x00000000eb180000)
 ParOldGen       total 222208K, used 221974K [0x00000000c0000000, 0x00000000cd900000, 0x00000000eab00000)
  object space 222208K, 99% used [0x00000000c0000000,0x00000000cd8c5880,0x00000000cd900000)
 Metaspace       used 57938K, committed 59200K, reserved 1114112K
  class space    used 6028K, committed 6592K, reserved 1048576K
}
Event: 7.548 GC heap before
{Heap before GC invocations=281 (full 3):
 PSYoungGen      total 5632K, used 5440K [0x00000000eab00000, 0x00000000eb180000, 0x0000000100000000)
  eden space 4608K, 100% used [0x00000000eab00000,0x00000000eaf80000,0x00000000eaf80000)
  from space 1024K, 81% used [0x00000000eaf80000,0x00000000eb050000,0x00000000eb080000)
  to   space 1024K, 0% used [0x00000000eb080000,0x00000000eb080000,0x00000000eb180000)
 ParOldGen       total 222208K, used 221974K [0x00000000c0000000, 0x00000000cd900000, 0x00000000eab00000)
  object space 222208K, 99% used [0x00000000c0000000,0x00000000cd8c5880,0x00000000cd900000)
 Metaspace       used 57947K, committed 59200K, reserved 1114112K
  class space    used 6028K, committed 6592K, reserved 1048576K
}
Event: 7.549 GC heap after
{Heap after GC invocations=281 (full 3):
 PSYoungGen      total 5632K, used 704K [0x00000000eab00000, 0x00000000eb180000, 0x0000000100000000)
  eden space 4608K, 0% used [0x00000000eab00000,0x00000000eab00000,0x00000000eaf80000)
  from space 1024K, 68% used [0x00000000eb080000,0x00000000eb130000,0x00000000eb180000)
  to   space 1024K, 0% used [0x00000000eaf80000,0x00000000eaf80000,0x00000000eb080000)
 ParOldGen       total 222720K, used 222656K [0x00000000c0000000, 0x00000000cd980000, 0x00000000eab00000)
  object space 222720K, 99% used [0x00000000c0000000,0x00000000cd970240,0x00000000cd980000)
 Metaspace       used 57947K, committed 59200K, reserved 1114112K
  class space    used 6028K, committed 6592K, reserved 1048576K
}
Event: 7.556 GC heap before
{Heap before GC invocations=282 (full 3):
 PSYoungGen      total 5632K, used 5312K [0x00000000eab00000, 0x00000000eb180000, 0x0000000100000000)
  eden space 4608K, 100% used [0x00000000eab00000,0x00000000eaf80000,0x00000000eaf80000)
  from space 1024K, 68% used [0x00000000eb080000,0x00000000eb130000,0x00000000eb180000)
  to   space 1024K, 0% used [0x00000000eaf80000,0x00000000eaf80000,0x00000000eb080000)
 ParOldGen       total 222720K, used 222656K [0x00000000c0000000, 0x00000000cd980000, 0x00000000eab00000)
  object space 222720K, 99% used [0x00000000c0000000,0x00000000cd970240,0x00000000cd980000)
 Metaspace       used 57957K, committed 59200K, reserved 1114112K
  class space    used 6028K, committed 6592K, reserved 1048576K
}
Event: 7.558 GC heap after
{Heap after GC invocations=282 (full 3):
 PSYoungGen      total 5632K, used 5312K [0x00000000eab00000, 0x00000000eb180000, 0x0000000100000000)
  eden space 4608K, 100% used [0x00000000eab00000,0x00000000eaf80000,0x00000000eaf80000)
  from space 1024K, 68% used [0x00000000eb080000,0x00000000eb130000,0x00000000eb180000)
  to   space 1024K, 100% used [0x00000000eaf80000,0x00000000eb080000,0x00000000eb080000)
 ParOldGen       total 223744K, used 223232K [0x00000000c0000000, 0x00000000cda80000, 0x00000000eab00000)
  object space 223744K, 99% used [0x00000000c0000000,0x00000000cda000a0,0x00000000cda80000)
 Metaspace       used 57957K, committed 59200K, reserved 1114112K
  class space    used 6028K, committed 6592K, reserved 1048576K
}
Event: 7.558 GC heap before
{Heap before GC invocations=283 (full 4):
 PSYoungGen      total 5632K, used 5312K [0x00000000eab00000, 0x00000000eb180000, 0x0000000100000000)
  eden space 4608K, 100% used [0x00000000eab00000,0x00000000eaf80000,0x00000000eaf80000)
  from space 1024K, 68% used [0x00000000eb080000,0x00000000eb130000,0x00000000eb180000)
  to   space 1024K, 100% used [0x00000000eaf80000,0x00000000eb080000,0x00000000eb080000)
 ParOldGen       total 223744K, used 223232K [0x00000000c0000000, 0x00000000cda80000, 0x00000000eab00000)
  object space 223744K, 99% used [0x00000000c0000000,0x00000000cda000a0,0x00000000cda80000)
 Metaspace       used 57957K, committed 59200K, reserved 1114112K
  class space    used 6028K, committed 6592K, reserved 1048576K
}

